Performing C SOURCE FILE Test CMAKE_HAVE_LIBC_PTHREAD failed with the following output:
Change Dir: /home/redamancy/桌面/ATS-23-Vision/cmake-build-debug/CMakeFiles/CMakeTmp

Run Build Command(s):/usr/bin/make -f Makefile cmTC_e8544/fast && /usr/bin/make  -f CMakeFiles/cmTC_e8544.dir/build.make CMakeFiles/cmTC_e8544.dir/build
make[1]: 进入目录“/home/redamancy/桌面/ATS-23-Vision/cmake-build-debug/CMakeFiles/CMakeTmp”
Building C object CMakeFiles/cmTC_e8544.dir/src.c.o
/usr/bin/cc -DCMAKE_HAVE_LIBC_PTHREAD   -o CMakeFiles/cmTC_e8544.dir/src.c.o -c /home/redamancy/桌面/ATS-23-Vision/cmake-build-debug/CMakeFiles/CMakeTmp/src.c
Linking C executable cmTC_e8544
/home/redamancy/.local/share/JetBrains/Toolbox/apps/CLion/ch-0/212.5457.51/bin/cmake/linux/bin/cmake -E cmake_link_script CMakeFiles/cmTC_e8544.dir/link.txt --verbose=1
/usr/bin/cc CMakeFiles/cmTC_e8544.dir/src.c.o -o cmTC_e8544 
CMakeFiles/cmTC_e8544.dir/src.c.o：在函数‘main’中：
src.c:(.text+0x3e)：对‘pthread_create’未定义的引用
src.c:(.text+0x4a)：对‘pthread_detach’未定义的引用
src.c:(.text+0x56)：对‘pthread_cancel’未定义的引用
src.c:(.text+0x67)：对‘pthread_join’未定义的引用
src.c:(.text+0x7b)：对‘pthread_atfork’未定义的引用
collect2: error: ld returned 1 exit status
CMakeFiles/cmTC_e8544.dir/build.make:98: recipe for target 'cmTC_e8544' failed
make[1]: *** [cmTC_e8544] Error 1
make[1]: 离开目录“/home/redamancy/桌面/ATS-23-Vision/cmake-build-debug/CMakeFiles/CMakeTmp”
Makefile:127: recipe for target 'cmTC_e8544/fast' failed
make: *** [cmTC_e8544/fast] Error 2


Source file was:
#include <pthread.h>

static void* test_func(void* data)
{
  return data;
}

int main(void)
{
  pthread_t thread;
  pthread_create(&thread, NULL, test_func, NULL);
  pthread_detach(thread);
  pthread_cancel(thread);
  pthread_join(thread, NULL);
  pthread_atfork(NULL, NULL, NULL);
  pthread_exit(NULL);

  return 0;
}

Determining if the function pthread_create exists in the pthreads failed with the following output:
Change Dir: /home/redamancy/桌面/ATS-23-Vision/cmake-build-debug/CMakeFiles/CMakeTmp

Run Build Command(s):/usr/bin/make -f Makefile cmTC_0bb91/fast && /usr/bin/make  -f CMakeFiles/cmTC_0bb91.dir/build.make CMakeFiles/cmTC_0bb91.dir/build
make[1]: 进入目录“/home/redamancy/桌面/ATS-23-Vision/cmake-build-debug/CMakeFiles/CMakeTmp”
Building C object CMakeFiles/cmTC_0bb91.dir/CheckFunctionExists.c.o
/usr/bin/cc   -DCHECK_FUNCTION_EXISTS=pthread_create -o CMakeFiles/cmTC_0bb91.dir/CheckFunctionExists.c.o -c /home/redamancy/.local/share/JetBrains/Toolbox/apps/CLion/ch-0/212.5457.51/bin/cmake/linux/share/cmake-3.20/Modules/CheckFunctionExists.c
Linking C executable cmTC_0bb91
/home/redamancy/.local/share/JetBrains/Toolbox/apps/CLion/ch-0/212.5457.51/bin/cmake/linux/bin/cmake -E cmake_link_script CMakeFiles/cmTC_0bb91.dir/link.txt --verbose=1
/usr/bin/cc  -DCHECK_FUNCTION_EXISTS=pthread_create CMakeFiles/cmTC_0bb91.dir/CheckFunctionExists.c.o -o cmTC_0bb91  -lpthreads 
/usr/bin/ld: 找不到 -lpthreads
collect2: error: ld returned 1 exit status
CMakeFiles/cmTC_0bb91.dir/build.make:98: recipe for target 'cmTC_0bb91' failed
make[1]: *** [cmTC_0bb91] Error 1
make[1]: 离开目录“/home/redamancy/桌面/ATS-23-Vision/cmake-build-debug/CMakeFiles/CMakeTmp”
Makefile:127: recipe for target 'cmTC_0bb91/fast' failed
make: *** [cmTC_0bb91/fast] Error 2



Determining if the function sgemm_ exists failed with the following output:
Change Dir: /home/redamancy/桌面/ATS-23-Vision/cmake-build-debug/CMakeFiles/CMakeTmp

Run Build Command(s):/usr/bin/make -f Makefile cmTC_0b73b/fast && /usr/bin/make  -f CMakeFiles/cmTC_0b73b.dir/build.make CMakeFiles/cmTC_0b73b.dir/build
make[1]: 进入目录“/home/redamancy/桌面/ATS-23-Vision/cmake-build-debug/CMakeFiles/CMakeTmp”
Building C object CMakeFiles/cmTC_0b73b.dir/CheckFunctionExists.c.o
/usr/bin/cc   -DCHECK_FUNCTION_EXISTS=sgemm_ -o CMakeFiles/cmTC_0b73b.dir/CheckFunctionExists.c.o -c /home/redamancy/.local/share/JetBrains/Toolbox/apps/CLion/ch-0/212.5457.51/bin/cmake/linux/share/cmake-3.20/Modules/CheckFunctionExists.c
Linking C executable cmTC_0b73b
/home/redamancy/.local/share/JetBrains/Toolbox/apps/CLion/ch-0/212.5457.51/bin/cmake/linux/bin/cmake -E cmake_link_script CMakeFiles/cmTC_0b73b.dir/link.txt --verbose=1
/usr/bin/cc  -DCHECK_FUNCTION_EXISTS=sgemm_ CMakeFiles/cmTC_0b73b.dir/CheckFunctionExists.c.o -o cmTC_0b73b 
CMakeFiles/cmTC_0b73b.dir/CheckFunctionExists.c.o：在函数‘main’中：
CheckFunctionExists.c:(.text+0x10)：对‘sgemm_’未定义的引用
collect2: error: ld returned 1 exit status
CMakeFiles/cmTC_0b73b.dir/build.make:98: recipe for target 'cmTC_0b73b' failed
make[1]: *** [cmTC_0b73b] Error 1
make[1]: 离开目录“/home/redamancy/桌面/ATS-23-Vision/cmake-build-debug/CMakeFiles/CMakeTmp”
Makefile:127: recipe for target 'cmTC_0b73b/fast' failed
make: *** [cmTC_0b73b/fast] Error 2



Determining if the function cheev_ exists failed with the following output:
Change Dir: /home/redamancy/桌面/ATS-23-Vision/cmake-build-debug/CMakeFiles/CMakeTmp

Run Build Command(s):/usr/bin/make -f Makefile cmTC_5fcd1/fast && /usr/bin/make  -f CMakeFiles/cmTC_5fcd1.dir/build.make CMakeFiles/cmTC_5fcd1.dir/build
make[1]: 进入目录“/home/redamancy/桌面/ATS-23-Vision/cmake-build-debug/CMakeFiles/CMakeTmp”
Building C object CMakeFiles/cmTC_5fcd1.dir/CheckFunctionExists.c.o
/usr/bin/cc   -DCHECK_FUNCTION_EXISTS=cheev_ -o CMakeFiles/cmTC_5fcd1.dir/CheckFunctionExists.c.o -c /home/redamancy/.local/share/JetBrains/Toolbox/apps/CLion/ch-0/212.5457.51/bin/cmake/linux/share/cmake-3.20/Modules/CheckFunctionExists.c
Linking C executable cmTC_5fcd1
/home/redamancy/.local/share/JetBrains/Toolbox/apps/CLion/ch-0/212.5457.51/bin/cmake/linux/bin/cmake -E cmake_link_script CMakeFiles/cmTC_5fcd1.dir/link.txt --verbose=1
/usr/bin/cc  -DCHECK_FUNCTION_EXISTS=cheev_ CMakeFiles/cmTC_5fcd1.dir/CheckFunctionExists.c.o -o cmTC_5fcd1  /usr/lib/x86_64-linux-gnu/libblas.so /usr/lib/x86_64-linux-gnu/libf77blas.so /usr/lib/x86_64-linux-gnu/libatlas.so -lpthread -lm -ldl 
CMakeFiles/cmTC_5fcd1.dir/CheckFunctionExists.c.o：在函数‘main’中：
CheckFunctionExists.c:(.text+0x10)：对‘cheev_’未定义的引用
collect2: error: ld returned 1 exit status
CMakeFiles/cmTC_5fcd1.dir/build.make:101: recipe for target 'cmTC_5fcd1' failed
make[1]: *** [cmTC_5fcd1] Error 1
make[1]: 离开目录“/home/redamancy/桌面/ATS-23-Vision/cmake-build-debug/CMakeFiles/CMakeTmp”
Makefile:127: recipe for target 'cmTC_5fcd1/fast' failed
make: *** [cmTC_5fcd1/fast] Error 2



